::1 - - [18/Apr/2020:09:46:25 +0000] "GET / HTTP/1.1" 200 - "-" "Mozilla/5.0 (Windows NT 10.0; Win64; x64) AppleWebKit/537.36 (KHTML, like Gecko) Chrome/80.0.3987.163 Safari/537.36"
::1 - - [18/Apr/2020:09:46:25 +0000] "GET /css/main.css HTTP/1.1" 304 - "http://localhost:4000/" "Mozilla/5.0 (Windows NT 10.0; Win64; x64) AppleWebKit/537.36 (KHTML, like Gecko) Chrome/80.0.3987.163 Safari/537.36"
::1 - - [18/Apr/2020:09:46:25 +0000] "GET /css/bootstrap.min.css HTTP/1.1" 304 - "http://localhost:4000/" "Mozilla/5.0 (Windows NT 10.0; Win64; x64) AppleWebKit/537.36 (KHTML, like Gecko) Chrome/80.0.3987.163 Safari/537.36"
::1 - - [18/Apr/2020:09:46:25 +0000] "GET /js/bootstrap.js HTTP/1.1" 304 - "http://localhost:4000/" "Mozilla/5.0 (Windows NT 10.0; Win64; x64) AppleWebKit/537.36 (KHTML, like Gecko) Chrome/80.0.3987.163 Safari/537.36"
::1 - - [18/Apr/2020:09:46:25 +0000] "GET /logos/logo1.png HTTP/1.1" 304 - "http://localhost:4000/" "Mozilla/5.0 (Windows NT 10.0; Win64; x64) AppleWebKit/537.36 (KHTML, like Gecko) Chrome/80.0.3987.163 Safari/537.36"
::1 - - [18/Apr/2020:09:46:25 +0000] "GET /logos/logo2.png HTTP/1.1" 304 - "http://localhost:4000/" "Mozilla/5.0 (Windows NT 10.0; Win64; x64) AppleWebKit/537.36 (KHTML, like Gecko) Chrome/80.0.3987.163 Safari/537.36"
::1 - - [18/Apr/2020:09:46:25 +0000] "GET /logos/logo3.png HTTP/1.1" 304 - "http://localhost:4000/" "Mozilla/5.0 (Windows NT 10.0; Win64; x64) AppleWebKit/537.36 (KHTML, like Gecko) Chrome/80.0.3987.163 Safari/537.36"
::1 - - [18/Apr/2020:09:46:25 +0000] "GET /logos/logo4.png HTTP/1.1" 304 - "http://localhost:4000/" "Mozilla/5.0 (Windows NT 10.0; Win64; x64) AppleWebKit/537.36 (KHTML, like Gecko) Chrome/80.0.3987.163 Safari/537.36"
::1 - - [18/Apr/2020:09:46:25 +0000] "GET /logos/logo5.png HTTP/1.1" 304 - "http://localhost:4000/" "Mozilla/5.0 (Windows NT 10.0; Win64; x64) AppleWebKit/537.36 (KHTML, like Gecko) Chrome/80.0.3987.163 Safari/537.36"
::1 - - [18/Apr/2020:09:46:25 +0000] "GET /js/main.js HTTP/1.1" 304 - "http://localhost:4000/" "Mozilla/5.0 (Windows NT 10.0; Win64; x64) AppleWebKit/537.36 (KHTML, like Gecko) Chrome/80.0.3987.163 Safari/537.36"
::1 - - [18/Apr/2020:09:46:29 +0000] "GET /products HTTP/1.1" 200 - "http://localhost:4000/" "Mozilla/5.0 (Windows NT 10.0; Win64; x64) AppleWebKit/537.36 (KHTML, like Gecko) Chrome/80.0.3987.163 Safari/537.36"
::1 - - [18/Apr/2020:09:46:29 +0000] "GET /css/main.css HTTP/1.1" 304 - "http://localhost:4000/products" "Mozilla/5.0 (Windows NT 10.0; Win64; x64) AppleWebKit/537.36 (KHTML, like Gecko) Chrome/80.0.3987.163 Safari/537.36"
::1 - - [18/Apr/2020:09:46:29 +0000] "GET /css/product.css HTTP/1.1" 304 - "http://localhost:4000/products" "Mozilla/5.0 (Windows NT 10.0; Win64; x64) AppleWebKit/537.36 (KHTML, like Gecko) Chrome/80.0.3987.163 Safari/537.36"
::1 - - [18/Apr/2020:09:46:29 +0000] "GET /images/1587188629139-shwetabh.jpeg HTTP/1.1" 304 - "http://localhost:4000/products" "Mozilla/5.0 (Windows NT 10.0; Win64; x64) AppleWebKit/537.36 (KHTML, like Gecko) Chrome/80.0.3987.163 Safari/537.36"
::1 - - [18/Apr/2020:09:46:29 +0000] "GET /images/1587188822354-sadhguru.jpeg HTTP/1.1" 304 - "http://localhost:4000/products" "Mozilla/5.0 (Windows NT 10.0; Win64; x64) AppleWebKit/537.36 (KHTML, like Gecko) Chrome/80.0.3987.163 Safari/537.36"
::1 - - [18/Apr/2020:09:46:29 +0000] "GET /js/main.js HTTP/1.1" 304 - "http://localhost:4000/products" "Mozilla/5.0 (Windows NT 10.0; Win64; x64) AppleWebKit/537.36 (KHTML, like Gecko) Chrome/80.0.3987.163 Safari/537.36"
::1 - - [18/Apr/2020:09:46:29 +0000] "GET /images/1587188847622-chetan.jpeg HTTP/1.1" 304 - "http://localhost:4000/products" "Mozilla/5.0 (Windows NT 10.0; Win64; x64) AppleWebKit/537.36 (KHTML, like Gecko) Chrome/80.0.3987.163 Safari/537.36"
::1 - - [18/Apr/2020:09:46:29 +0000] "GET /images/1587188985717-tell.jpeg HTTP/1.1" 304 - "http://localhost:4000/products" "Mozilla/5.0 (Windows NT 10.0; Win64; x64) AppleWebKit/537.36 (KHTML, like Gecko) Chrome/80.0.3987.163 Safari/537.36"
::1 - - [18/Apr/2020:09:46:29 +0000] "GET /images/1587188205220-shoe.jpeg HTTP/1.1" 304 - "http://localhost:4000/products" "Mozilla/5.0 (Windows NT 10.0; Win64; x64) AppleWebKit/537.36 (KHTML, like Gecko) Chrome/80.0.3987.163 Safari/537.36"
::1 - - [18/Apr/2020:09:46:29 +0000] "GET /images/1587188223990-nike.jpeg HTTP/1.1" 304 - "http://localhost:4000/products" "Mozilla/5.0 (Windows NT 10.0; Win64; x64) AppleWebKit/537.36 (KHTML, like Gecko) Chrome/80.0.3987.163 Safari/537.36"
::1 - - [18/Apr/2020:09:46:29 +0000] "GET /images/1587188247107-lotto.jpeg HTTP/1.1" 304 - "http://localhost:4000/products" "Mozilla/5.0 (Windows NT 10.0; Win64; x64) AppleWebKit/537.36 (KHTML, like Gecko) Chrome/80.0.3987.163 Safari/537.36"
::1 - - [18/Apr/2020:09:46:29 +0000] "GET /images/1587188328602-puma.jpeg HTTP/1.1" 304 - "http://localhost:4000/products" "Mozilla/5.0 (Windows NT 10.0; Win64; x64) AppleWebKit/537.36 (KHTML, like Gecko) Chrome/80.0.3987.163 Safari/537.36"
::1 - - [18/Apr/2020:09:46:29 +0000] "GET /images/1587186327651-realme-5s-rmx1925-original-imafmbm6hatkkzys.jpeg HTTP/1.1" 304 - "http://localhost:4000/products" "Mozilla/5.0 (Windows NT 10.0; Win64; x64) AppleWebKit/537.36 (KHTML, like Gecko) Chrome/80.0.3987.163 Safari/537.36"
::1 - - [18/Apr/2020:09:46:29 +0000] "GET /images/1587186403714-realme-x2-rmx1992-original-imafnfe8fhqhezcv.jpeg HTTP/1.1" 304 - "http://localhost:4000/products" "Mozilla/5.0 (Windows NT 10.0; Win64; x64) AppleWebKit/537.36 (KHTML, like Gecko) Chrome/80.0.3987.163 Safari/537.36"
::1 - - [18/Apr/2020:09:46:29 +0000] "GET /images/1587186470356-61FRLa8IFTL._AC_UY327_FMwebp_QL65_.webp HTTP/1.1" 304 - "http://localhost:4000/products" "Mozilla/5.0 (Windows NT 10.0; Win64; x64) AppleWebKit/537.36 (KHTML, like Gecko) Chrome/80.0.3987.163 Safari/537.36"
::1 - - [18/Apr/2020:09:46:29 +0000] "GET /images/1587186628308-61vbLpkpngL._SL1500_.jpg HTTP/1.1" 304 - "http://localhost:4000/products" "Mozilla/5.0 (Windows NT 10.0; Win64; x64) AppleWebKit/537.36 (KHTML, like Gecko) Chrome/80.0.3987.163 Safari/537.36"
::1 - - [18/Apr/2020:09:46:29 +0000] "GET /images/1587191000363-hoodie.jpg HTTP/1.1" 304 - "http://localhost:4000/products" "Mozilla/5.0 (Windows NT 10.0; Win64; x64) AppleWebKit/537.36 (KHTML, like Gecko) Chrome/80.0.3987.163 Safari/537.36"
::1 - - [18/Apr/2020:09:46:29 +0000] "GET /images/1587191110123-nike2.jpg HTTP/1.1" 304 - "http://localhost:4000/products" "Mozilla/5.0 (Windows NT 10.0; Win64; x64) AppleWebKit/537.36 (KHTML, like Gecko) Chrome/80.0.3987.163 Safari/537.36"
::1 - - [18/Apr/2020:09:46:29 +0000] "GET /images/1587191203112-shirt.jpg HTTP/1.1" 304 - "http://localhost:4000/products" "Mozilla/5.0 (Windows NT 10.0; Win64; x64) AppleWebKit/537.36 (KHTML, like Gecko) Chrome/80.0.3987.163 Safari/537.36"
::1 - - [18/Apr/2020:09:46:29 +0000] "GET /images/1587192239036-s-57977-0031-levi-s-original-imafp6t3hr6kzdkg.jpg HTTP/1.1" 304 - "http://localhost:4000/products" "Mozilla/5.0 (Windows NT 10.0; Win64; x64) AppleWebKit/537.36 (KHTML, like Gecko) Chrome/80.0.3987.163 Safari/537.36"
::1 - - [18/Apr/2020:09:46:29 +0000] "GET /images/1587191304807-lg.jpg HTTP/1.1" 304 - "http://localhost:4000/products" "Mozilla/5.0 (Windows NT 10.0; Win64; x64) AppleWebKit/537.36 (KHTML, like Gecko) Chrome/80.0.3987.163 Safari/537.36"
::1 - - [18/Apr/2020:09:46:29 +0000] "GET /images/1587191496301-oven.jpg HTTP/1.1" 304 - "http://localhost:4000/products" "Mozilla/5.0 (Windows NT 10.0; Win64; x64) AppleWebKit/537.36 (KHTML, like Gecko) Chrome/80.0.3987.163 Safari/537.36"
